[16:22:34] [ServerMain/INFO]: Environment: Environment[sessionHost=https://sessionserver.mojang.com, servicesHost=https://api.minecraftservices.com, name=PROD]
[16:22:40] [ServerMain/INFO]: Loaded 1373 recipes
[16:22:40] [ServerMain/INFO]: Loaded 1484 advancements
[16:22:40] [Server thread/INFO]: Starting minecraft server version 1.21.5
[16:22:40] [Server thread/INFO]: Loading properties
[16:22:40] [Server thread/INFO]: Default game type: SURVIVAL
[16:22:40] [Server thread/INFO]: Generating keypair
[16:22:40] [Server thread/INFO]: Starting Minecraft server on *:25565
[16:22:40] [Server thread/INFO]: Using epoll channel type
[16:22:41] [Server thread/WARN]: **** SERVER IS RUNNING IN OFFLINE/INSECURE MODE!
[16:22:41] [Server thread/WARN]: The server will make no attempt to authenticate usernames. Beware.
[16:22:41] [Server thread/WARN]: While this makes the game possible to play without internet access, it also opens up the ability for hackers to connect with any username they choose.
[16:22:41] [Server thread/WARN]: To change this, set "online-mode" to "true" in the server.properties file.
[16:22:41] [Server thread/INFO]: Preparing level "world"
[16:22:42] [Server thread/INFO]: Preparing start region for dimension minecraft:overworld
[16:22:51] [Worker-Main-1/INFO]: Preparing spawn area: 0%
[16:22:51] [Worker-Main-1/INFO]: Preparing spawn area: 0%
[16:22:51] [Worker-Main-1/INFO]: Preparing spawn area: 0%
[16:22:51] [Worker-Main-1/INFO]: Preparing spawn area: 0%
[16:22:51] [Worker-Main-1/INFO]: Preparing spawn area: 0%
[16:22:51] [Worker-Main-1/INFO]: Preparing spawn area: 0%
[16:22:51] [Worker-Main-1/INFO]: Preparing spawn area: 0%
[16:22:51] [Worker-Main-1/INFO]: Preparing spawn area: 0%
[16:22:51] [Worker-Main-1/INFO]: Preparing spawn area: 0%
[16:22:51] [Worker-Main-1/INFO]: Preparing spawn area: 0%
[16:22:51] [Worker-Main-1/INFO]: Preparing spawn area: 0%
[16:22:51] [Worker-Main-1/INFO]: Preparing spawn area: 0%
[16:22:51] [Worker-Main-1/INFO]: Preparing spawn area: 0%
[16:22:51] [Worker-Main-1/INFO]: Preparing spawn area: 0%
[16:22:51] [Worker-Main-1/INFO]: Preparing spawn area: 0%
[16:22:51] [Worker-Main-1/INFO]: Preparing spawn area: 0%
[16:22:51] [Worker-Main-1/INFO]: Preparing spawn area: 0%
[16:22:51] [Worker-Main-1/INFO]: Preparing spawn area: 0%
[16:22:51] [Worker-Main-1/INFO]: Preparing spawn area: 0%
[16:22:51] [Worker-Main-1/INFO]: Preparing spawn area: 0%
[16:22:51] [Server thread/INFO]: Time elapsed: 9762 ms
[16:22:51] [Server thread/INFO]: Done (10.633s)! For help, type "help"
[16:23:51] [Server thread/INFO]: Server empty for 60 seconds, pausing
[16:26:31] [Server thread/INFO]: Hashish_[/127.82.23.62:49401] logged in with entity id 12 at (-171.77564467489358, 91.0, -464.301403244571)
[16:26:32] [Server thread/INFO]: Hashish_ joined the game
[16:27:52] [Server thread/INFO]: Stopping the server
[16:27:52] [Server thread/INFO]: Stopping server
[16:27:52] [Server thread/INFO]: Saving players
[16:27:52] [Server thread/INFO]: Hashish_ lost connection: Server closed
[16:27:52] [Server thread/INFO]: Hashish_ left the game
[16:27:52] [Server thread/INFO]: Saving worlds
[16:27:53] [Server thread/INFO]: Saving chunks for level 'ServerLevel[world]'/minecraft:overworld
[16:27:53] [Server thread/INFO]: Saving chunks for level 'ServerLevel[world]'/minecraft:the_end
[16:27:53] [Server thread/INFO]: Saving chunks for level 'ServerLevel[world]'/minecraft:the_nether
[16:27:53] [Server thread/INFO]: ThreadedAnvilChunkStorage (world): All chunks are saved
[16:27:53] [Server thread/INFO]: ThreadedAnvilChunkStorage (DIM1): All chunks are saved
[16:27:53] [Server thread/INFO]: ThreadedAnvilChunkStorage (DIM-1): All chunks are saved
[16:27:53] [Server thread/INFO]: ThreadedAnvilChunkStorage: All dimensions are saved
